<?xml version="1.0" encoding="UTF-8" ?>
<testsuite tests="1" failures="0" name="com.redhat.myfispipeline.ApplicationTest" time="0.36" errors="0" skipped="0">
  <properties>
    <property name="java.runtime.name" value="Java(TM) SE Runtime Environment"/>
    <property name="sun.boot.library.path" value="/usr/java/jdk1.8.0_181-amd64/jre/lib/amd64"/>
    <property name="java.vm.version" value="25.181-b13"/>
    <property name="java.vm.vendor" value="Oracle Corporation"/>
    <property name="maven.multiModuleProjectDirectory" value="/home/ahameed/dev/3ScaleFuseAMQ/fisuserprofile-service"/>
    <property name="java.vendor.url" value="http://java.oracle.com/"/>
    <property name="path.separator" value=":"/>
    <property name="guice.disable.misplaced.annotation.check" value="true"/>
    <property name="java.vm.name" value="Java HotSpot(TM) 64-Bit Server VM"/>
    <property name="file.encoding.pkg" value="sun.io"/>
    <property name="user.country" value="US"/>
    <property name="sun.java.launcher" value="SUN_STANDARD"/>
    <property name="sun.os.patch.level" value="unknown"/>
    <property name="java.vm.specification.name" value="Java Virtual Machine Specification"/>
    <property name="user.dir" value="/home/ahameed/dev/3ScaleFuseAMQ/fisuserprofile-service"/>
    <property name="java.runtime.version" value="1.8.0_181-b13"/>
    <property name="java.awt.graphicsenv" value="sun.awt.X11GraphicsEnvironment"/>
    <property name="java.endorsed.dirs" value="/usr/java/jdk1.8.0_181-amd64/jre/lib/endorsed"/>
    <property name="os.arch" value="amd64"/>
    <property name="java.io.tmpdir" value="/tmp"/>
    <property name="line.separator" value="
"/>
    <property name="java.vm.specification.vendor" value="Oracle Corporation"/>
    <property name="ECLIPSE_PROCESS_NAME" value="&apos;Local Camel Context&apos;"/>
    <property name="os.name" value="Linux"/>
    <property name="classworlds.conf" value="/home/ahameed/IntegrationProject/.metadata/.plugins/org.eclipse.m2e.launching/launches/m2conf3152017853193335474.tmp"/>
    <property name="maven.test.skip" value="false"/>
    <property name="sun.jnu.encoding" value="UTF-8"/>
    <property name="java.library.path" value="/usr/java/packages/lib/amd64:/usr/lib64:/lib64:/lib:/usr/lib"/>
    <property name="java.specification.name" value="Java Platform API Specification"/>
    <property name="java.class.version" value="52.0"/>
    <property name="sun.management.compiler" value="HotSpot 64-Bit Tiered Compilers"/>
    <property name="os.version" value="3.10.0-891.el7.x86_64"/>
    <property name="user.home" value="/home/ahameed"/>
    <property name="user.timezone" value="America/New_York"/>
    <property name="java.awt.printerjob" value="sun.print.PSPrinterJob"/>
    <property name="java.specification.version" value="1.8"/>
    <property name="file.encoding" value="UTF-8"/>
    <property name="user.name" value="ahameed"/>
    <property name="java.class.path" value="/home/ahameed/devstudio/studio/plugins/org.eclipse.m2e.maven.runtime_1.9.1.20180912-1600/jars/plexus-classworlds-2.5.2.jar"/>
    <property name="java.vm.specification.version" value="1.8"/>
    <property name="sun.arch.data.model" value="64"/>
    <property name="java.home" value="/usr/java/jdk1.8.0_181-amd64/jre"/>
    <property name="sun.java.command" value="org.codehaus.plexus.classworlds.launcher.Launcher -B -U clean package org.springframework.boot:spring-boot-maven-plugin:run -Dcamel.fileApplicationContextUri=file:/home/ahameed/dev/3ScaleFuseAMQ/fisuserprofile-service/src/main/resources/spring/camel-context.xml"/>
    <property name="java.specification.vendor" value="Oracle Corporation"/>
    <property name="user.language" value="en"/>
    <property name="awt.toolkit" value="sun.awt.X11.XToolkit"/>
    <property name="java.vm.info" value="mixed mode"/>
    <property name="java.version" value="1.8.0_181"/>
    <property name="java.ext.dirs" value="/usr/java/jdk1.8.0_181-amd64/jre/lib/ext:/usr/java/packages/lib/ext"/>
    <property name="securerandom.source" value="file:/dev/./urandom"/>
    <property name="sun.boot.class.path" value="/usr/java/jdk1.8.0_181-amd64/jre/lib/resources.jar:/usr/java/jdk1.8.0_181-amd64/jre/lib/rt.jar:/usr/java/jdk1.8.0_181-amd64/jre/lib/sunrsasign.jar:/usr/java/jdk1.8.0_181-amd64/jre/lib/jsse.jar:/usr/java/jdk1.8.0_181-amd64/jre/lib/jce.jar:/usr/java/jdk1.8.0_181-amd64/jre/lib/charsets.jar:/usr/java/jdk1.8.0_181-amd64/jre/lib/jfr.jar:/usr/java/jdk1.8.0_181-amd64/jre/classes"/>
    <property name="java.vendor" value="Oracle Corporation"/>
    <property name="maven.home" value="/home/ahameed/dev/3ScaleFuseAMQ/fisuserprofile-service/EMBEDDED"/>
    <property name="file.separator" value="/"/>
    <property name="java.vendor.url.bug" value="http://bugreport.sun.com/bugreport/"/>
    <property name="sun.cpu.endian" value="little"/>
    <property name="sun.io.unicode.encoding" value="UnicodeLittle"/>
    <property name="org.apache.camel.jmx.createRmiConnector" value="True"/>
    <property name="sun.desktop" value="gnome"/>
    <property name="camel.fileApplicationContextUri" value="file:/home/ahameed/dev/3ScaleFuseAMQ/fisuserprofile-service/src/main/resources/spring/camel-context.xml"/>
    <property name="sun.cpu.isalist" value=""/>
  </properties>
  <testcase classname="com.redhat.myfispipeline.ApplicationTest" name="testProfile" time="0.36"/>
</testsuite>